Added Component: Designator=P1(BTS7970B)
Added Component: Designator=P2(BTS7970B)
Added Component: Designator=R1(0805)
Added Component: Designator=R2(0805)
Added Component: Designator=R3(0805)
Added Component: Designator=R4(0805)
Added Component: Designator=R5(0805)
Added Component: Designator=R6(0805)
Added Component: Designator=S1(HDR1X3)
Added Component: Designator=S2(tongzhu)
Added Component: Designator=S3(tongzhu)
Added Pin To Net: NetName=GND Pin=P1-1
Added Pin To Net: NetName=GND Pin=P2-1
Added Pin To Net: NetName=GND Pin=R3-2
Added Pin To Net: NetName=GND Pin=R6-2
Added Pin To Net: NetName=GND Pin=S2-2
Added Net: Name=GND
Added Pin To Net: NetName=I/O Pin=R2-2
Added Pin To Net: NetName=I/O Pin=R5-2
Added Pin To Net: NetName=I/O Pin=S1-2
Added Net: Name=I/O
Added Pin To Net: NetName=MOTO1 Pin=P1-8
Added Pin To Net: NetName=MOTO1 Pin=S3-1
Added Net: Name=MOTO1
Added Pin To Net: NetName=MOTO2 Pin=P2-8
Added Pin To Net: NetName=MOTO2 Pin=S3-2
Added Net: Name=MOTO2
Added Pin To Net: NetName=P1-2 Pin=P1-2
Added Pin To Net: NetName=P1-2 Pin=R1-2
Added Net: Name=P1-2
Added Pin To Net: NetName=P1-3 Pin=P1-3
Added Pin To Net: NetName=P1-3 Pin=R2-1
Added Net: Name=P1-3
Added Pin To Net: NetName=P1-5 Pin=P1-5
Added Pin To Net: NetName=P1-5 Pin=R3-1
Added Net: Name=P1-5
Added Pin To Net: NetName=P2-2 Pin=P2-2
Added Pin To Net: NetName=P2-2 Pin=R4-2
Added Net: Name=P2-2
Added Pin To Net: NetName=P2-3 Pin=P2-3
Added Pin To Net: NetName=P2-3 Pin=R5-1
Added Net: Name=P2-3
Added Pin To Net: NetName=P2-5 Pin=P2-5
Added Pin To Net: NetName=P2-5 Pin=R6-1
Added Net: Name=P2-5
Added Pin To Net: NetName=PWM1 Pin=R1-1
Added Pin To Net: NetName=PWM1 Pin=S1-1
Added Net: Name=PWM1
Added Pin To Net: NetName=PWM2 Pin=R4-1
Added Pin To Net: NetName=PWM2 Pin=S1-3
Added Net: Name=PWM2
Added Pin To Net: NetName=VCC Pin=P1-7
Added Pin To Net: NetName=VCC Pin=P2-7
Added Pin To Net: NetName=VCC Pin=S2-1
Added Net: Name=VCC
Added Class: Name=moto
Added Room: Name=moto
