Added Component: Designator=C11(0805BB)
Added Component: Designator=C12(0805BB)
Added Component: Designator=C13(0805BB)
Added Component: Designator=C14(0805BB)
Added Component: Designator=C15(0805BB)
Added Component: Designator=C16(0805BB)
Added Component: Designator=C17(0805BB)
Added Component: Designator=C21(3216B)
Added Component: Designator=C22(3216B)
Added Component: Designator=C23(3216B)
Added Component: Designator=C24(3216B)
Added Component: Designator=C25(3216B)
Added Component: Designator=C26(3216B)
Added Component: Designator=C27(3216B)
Added Component: Designator=L1(FASHE)
Added Component: Designator=L2(FASHE)
Added Component: Designator=L3(FASHE)
Added Component: Designator=L4(FASHE)
Added Component: Designator=L5(FASHE)
Added Component: Designator=L6(FASHE)
Added Component: Designator=L7(FASHE)
Added Component: Designator=L8(FASHE)
Added Component: Designator=L9(FASHE)
Added Component: Designator=L10(FASHE)
Added Component: Designator=L11(FASHE)
Added Component: Designator=L12(FASHE)
Added Component: Designator=L13(FASHE)
Added Component: Designator=L14(FASHE)
Added Component: Designator=L15(FASHE)
Added Component: Designator=L16(FASHE)
Added Component: Designator=L17(FASHE)
Added Component: Designator=L18(FASHE)
Added Component: Designator=L19(FASHE)
Added Component: Designator=L20(FASHE)
Added Component: Designator=L21(FASHE)
Added Component: Designator=P1(74LS04SOP)
Added Component: Designator=Q1(3904)
Added Component: Designator=Q2(3904)
Added Component: Designator=Q3(3904)
Added Component: Designator=Q4(3904)
Added Component: Designator=Q5(3904)
Added Component: Designator=Q6(3904)
Added Component: Designator=Q7(3904)
Added Component: Designator=R1(0805BB)
Added Component: Designator=R2(0805BB)
Added Component: Designator=R3(0805BB)
Added Component: Designator=R4(0805BB)
Added Component: Designator=R5(0805BB)
Added Component: Designator=R6(0805BB)
Added Component: Designator=R7(0805BB)
Added Component: Designator=RJ1(0805)
Added Component: Designator=S1(JIESHOU)
Added Component: Designator=S2(JIESHOU)
Added Component: Designator=S3(JIESHOU)
Added Component: Designator=S4(JIESHOU)
Added Component: Designator=S5(JIESHOU)
Added Component: Designator=S6(JIESHOU)
Added Component: Designator=S7(JIESHOU)
Added Component: Designator=ZONG20(ZONG20)
Added Pin To Net: NetName=-1 Pin=L1-2
Added Pin To Net: NetName=-1 Pin=L2-2
Added Pin To Net: NetName=-1 Pin=L3-2
Added Pin To Net: NetName=-1 Pin=L4-2
Added Pin To Net: NetName=-1 Pin=P1-2
Added Net: Name=-1
Added Pin To Net: NetName=-2 Pin=L5-2
Added Pin To Net: NetName=-2 Pin=L6-2
Added Pin To Net: NetName=-2 Pin=L7-2
Added Pin To Net: NetName=-2 Pin=L8-2
Added Pin To Net: NetName=-2 Pin=P1-4
Added Net: Name=-2
Added Pin To Net: NetName=-3 Pin=L9-2
Added Pin To Net: NetName=-3 Pin=L10-2
Added Pin To Net: NetName=-3 Pin=L11-2
Added Pin To Net: NetName=-3 Pin=L12-2
Added Pin To Net: NetName=-3 Pin=P1-6
Added Net: Name=-3
Added Pin To Net: NetName=-4 Pin=L13-2
Added Pin To Net: NetName=-4 Pin=L14-2
Added Pin To Net: NetName=-4 Pin=L15-2
Added Pin To Net: NetName=-4 Pin=L16-2
Added Pin To Net: NetName=-4 Pin=P1-8
Added Net: Name=-4
Added Pin To Net: NetName=-5 Pin=L17-2
Added Pin To Net: NetName=-5 Pin=L18-2
Added Pin To Net: NetName=-5 Pin=L19-2
Added Pin To Net: NetName=-5 Pin=L20-2
Added Pin To Net: NetName=-5 Pin=P1-10
Added Net: Name=-5
Added Pin To Net: NetName=-6 Pin=L21-2
Added Pin To Net: NetName=-6 Pin=P1-12
Added Net: Name=-6
Added Pin To Net: NetName=A0 Pin=Q1-2
Added Pin To Net: NetName=A0 Pin=ZONG20-1
Added Net: Name=A0
Added Pin To Net: NetName=A1 Pin=Q2-2
Added Pin To Net: NetName=A1 Pin=ZONG20-2
Added Net: Name=A1
Added Pin To Net: NetName=A2 Pin=Q3-2
Added Pin To Net: NetName=A2 Pin=Q7-2
Added Pin To Net: NetName=A2 Pin=ZONG20-3
Added Net: Name=A2
Added Pin To Net: NetName=A3 Pin=Q4-2
Added Pin To Net: NetName=A3 Pin=ZONG20-4
Added Net: Name=A3
Added Pin To Net: NetName=A4 Pin=Q5-2
Added Pin To Net: NetName=A4 Pin=ZONG20-14
Added Net: Name=A4
Added Pin To Net: NetName=A5 Pin=ZONG20-15
Added Net: Name=A5
Added Pin To Net: NetName=A6 Pin=Q6-2
Added Pin To Net: NetName=A6 Pin=ZONG20-16
Added Net: Name=A6
Added Pin To Net: NetName=GND Pin=C11-2
Added Pin To Net: NetName=GND Pin=C12-2
Added Pin To Net: NetName=GND Pin=C13-2
Added Pin To Net: NetName=GND Pin=C14-2
Added Pin To Net: NetName=GND Pin=C15-2
Added Pin To Net: NetName=GND Pin=C16-2
Added Pin To Net: NetName=GND Pin=C17-2
Added Pin To Net: NetName=GND Pin=C21-2
Added Pin To Net: NetName=GND Pin=C22-2
Added Pin To Net: NetName=GND Pin=C23-2
Added Pin To Net: NetName=GND Pin=C24-2
Added Pin To Net: NetName=GND Pin=C25-2
Added Pin To Net: NetName=GND Pin=C26-2
Added Pin To Net: NetName=GND Pin=C27-2
Added Pin To Net: NetName=GND Pin=S1-1
Added Pin To Net: NetName=GND Pin=S2-1
Added Pin To Net: NetName=GND Pin=S3-1
Added Pin To Net: NetName=GND Pin=S4-1
Added Pin To Net: NetName=GND Pin=S5-1
Added Pin To Net: NetName=GND Pin=S6-1
Added Pin To Net: NetName=GND Pin=S7-1
Added Pin To Net: NetName=GND Pin=ZONG20-5
Added Net: Name=GND
Added Pin To Net: NetName=IN Pin=P1-1
Added Pin To Net: NetName=IN Pin=P1-3
Added Pin To Net: NetName=IN Pin=P1-5
Added Pin To Net: NetName=IN Pin=P1-9
Added Pin To Net: NetName=IN Pin=P1-11
Added Pin To Net: NetName=IN Pin=P1-13
Added Pin To Net: NetName=IN Pin=ZONG20-19
Added Net: Name=IN
Added Pin To Net: NetName=JVCC Pin=RJ1-1
Added Net: Name=JVCC
Added Pin To Net: NetName=LSGND Pin=P1-7
Added Pin To Net: NetName=LSGND Pin=ZONG20-18
Added Net: Name=LSGND
Added Pin To Net: NetName=LSVCC Pin=P1-14
Added Pin To Net: NetName=LSVCC Pin=ZONG20-17
Added Net: Name=LSVCC
Added Pin To Net: NetName=NetQ1_3 Pin=Q1-3
Added Pin To Net: NetName=NetQ1_3 Pin=Q2-3
Added Pin To Net: NetName=NetQ1_3 Pin=Q3-3
Added Pin To Net: NetName=NetQ1_3 Pin=Q4-3
Added Pin To Net: NetName=NetQ1_3 Pin=Q5-3
Added Pin To Net: NetName=NetQ1_3 Pin=Q6-3
Added Pin To Net: NetName=NetQ1_3 Pin=Q7-3
Added Pin To Net: NetName=NetQ1_3 Pin=RJ1-2
Added Net: Name=NetQ1_3
Added Pin To Net: NetName=O1 Pin=R1-1
Added Pin To Net: NetName=O1 Pin=S1-2
Added Pin To Net: NetName=O1 Pin=ZONG20-7
Added Net: Name=O1
Added Pin To Net: NetName=O2 Pin=R2-1
Added Pin To Net: NetName=O2 Pin=S2-2
Added Pin To Net: NetName=O2 Pin=ZONG20-8
Added Net: Name=O2
Added Pin To Net: NetName=O3 Pin=R3-1
Added Pin To Net: NetName=O3 Pin=S3-2
Added Pin To Net: NetName=O3 Pin=ZONG20-9
Added Net: Name=O3
Added Pin To Net: NetName=O4 Pin=R4-1
Added Pin To Net: NetName=O4 Pin=S4-2
Added Pin To Net: NetName=O4 Pin=ZONG20-10
Added Net: Name=O4
Added Pin To Net: NetName=O5 Pin=R5-1
Added Pin To Net: NetName=O5 Pin=S5-2
Added Pin To Net: NetName=O5 Pin=ZONG20-11
Added Net: Name=O5
Added Pin To Net: NetName=O6 Pin=R6-1
Added Pin To Net: NetName=O6 Pin=S6-2
Added Pin To Net: NetName=O6 Pin=ZONG20-12
Added Net: Name=O6
Added Pin To Net: NetName=O7 Pin=R7-1
Added Pin To Net: NetName=O7 Pin=S7-2
Added Pin To Net: NetName=O7 Pin=ZONG20-13
Added Net: Name=O7
Added Pin To Net: NetName=V01 Pin=L1-1
Added Pin To Net: NetName=V01 Pin=L8-1
Added Pin To Net: NetName=V01 Pin=L15-1
Added Pin To Net: NetName=V01 Pin=Q1-1
Added Net: Name=V01
Added Pin To Net: NetName=V02 Pin=L2-1
Added Pin To Net: NetName=V02 Pin=L9-1
Added Pin To Net: NetName=V02 Pin=L16-1
Added Pin To Net: NetName=V02 Pin=Q2-1
Added Net: Name=V02
Added Pin To Net: NetName=V03 Pin=L3-1
Added Pin To Net: NetName=V03 Pin=L10-1
Added Pin To Net: NetName=V03 Pin=L17-1
Added Pin To Net: NetName=V03 Pin=Q3-1
Added Net: Name=V03
Added Pin To Net: NetName=V04 Pin=L4-1
Added Pin To Net: NetName=V04 Pin=L11-1
Added Pin To Net: NetName=V04 Pin=L18-1
Added Pin To Net: NetName=V04 Pin=Q4-1
Added Net: Name=V04
Added Pin To Net: NetName=V05 Pin=L5-1
Added Pin To Net: NetName=V05 Pin=L12-1
Added Pin To Net: NetName=V05 Pin=L19-1
Added Pin To Net: NetName=V05 Pin=Q5-1
Added Net: Name=V05
Added Pin To Net: NetName=V06 Pin=L6-1
Added Pin To Net: NetName=V06 Pin=L13-1
Added Pin To Net: NetName=V06 Pin=L20-1
Added Pin To Net: NetName=V06 Pin=Q6-1
Added Net: Name=V06
Added Pin To Net: NetName=V07 Pin=L7-1
Added Pin To Net: NetName=V07 Pin=L14-1
Added Pin To Net: NetName=V07 Pin=L21-1
Added Pin To Net: NetName=V07 Pin=Q7-1
Added Net: Name=V07
Added Pin To Net: NetName=VCC Pin=C11-1
Added Pin To Net: NetName=VCC Pin=C12-1
Added Pin To Net: NetName=VCC Pin=C13-1
Added Pin To Net: NetName=VCC Pin=C14-1
Added Pin To Net: NetName=VCC Pin=C15-1
Added Pin To Net: NetName=VCC Pin=C16-1
Added Pin To Net: NetName=VCC Pin=C17-1
Added Pin To Net: NetName=VCC Pin=C21-1
Added Pin To Net: NetName=VCC Pin=C22-1
Added Pin To Net: NetName=VCC Pin=C23-1
Added Pin To Net: NetName=VCC Pin=C24-1
Added Pin To Net: NetName=VCC Pin=C25-1
Added Pin To Net: NetName=VCC Pin=C26-1
Added Pin To Net: NetName=VCC Pin=C27-1
Added Pin To Net: NetName=VCC Pin=R1-2
Added Pin To Net: NetName=VCC Pin=R2-2
Added Pin To Net: NetName=VCC Pin=R3-2
Added Pin To Net: NetName=VCC Pin=R4-2
Added Pin To Net: NetName=VCC Pin=R5-2
Added Pin To Net: NetName=VCC Pin=R6-2
Added Pin To Net: NetName=VCC Pin=R7-2
Added Pin To Net: NetName=VCC Pin=S1-3
Added Pin To Net: NetName=VCC Pin=S2-3
Added Pin To Net: NetName=VCC Pin=S3-3
Added Pin To Net: NetName=VCC Pin=S4-3
Added Pin To Net: NetName=VCC Pin=S5-3
Added Pin To Net: NetName=VCC Pin=S6-3
Added Pin To Net: NetName=VCC Pin=S7-3
Added Pin To Net: NetName=VCC Pin=ZONG20-6
Added Net: Name=VCC
Added Class: Name=jiguang
