Added Component: Designator=C0(0805BB)
Added Pin To Net: NetName=VCC Pin=C0-1
Added Pin To Net: NetName=GND Pin=C0-2
Added Pin To Net: NetName=GND Pin=P1-7
Added Pin To Net: NetName=VCC Pin=P1-14
Added Pin To Net: NetName=VCC Pin=RJ1-1
Added Pin To Net: NetName=A4 Pin=ZONG20-18
Added Pin To Net: NetName=A5 Pin=ZONG20-19
Added Pin To Net: NetName=A6 Pin=ZONG20-20
Added Member To Class: ClassName=jiguang Member=Component C0 CAP
Removed Pin From Net: NetName=A0 Pin=ZONG20-2
Added Pin To Net: NetName=VCC Pin=ZONG20-2
Removed Pin From Net: NetName=A1 Pin=ZONG20-3
Added Pin To Net: NetName=VCC Pin=ZONG20-3
Removed Pin From Net: NetName=A2 Pin=ZONG20-4
Added Pin To Net: NetName=GND Pin=ZONG20-4
Removed Pin From Net: NetName=A3 Pin=ZONG20-5
Added Pin To Net: NetName=GND Pin=ZONG20-5
Removed Pin From Net: NetName=VCC Pin=ZONG20-7
Added Pin To Net: NetName=O1 Pin=ZONG20-7
Removed Pin From Net: NetName=O1 Pin=ZONG20-8
Added Pin To Net: NetName=O2 Pin=ZONG20-8
Removed Pin From Net: NetName=O2 Pin=ZONG20-9
Added Pin To Net: NetName=O3 Pin=ZONG20-9
Removed Pin From Net: NetName=O3 Pin=ZONG20-10
Added Pin To Net: NetName=O4 Pin=ZONG20-10
Removed Pin From Net: NetName=O4 Pin=ZONG20-11
Added Pin To Net: NetName=O5 Pin=ZONG20-11
Removed Pin From Net: NetName=O5 Pin=ZONG20-12
Added Pin To Net: NetName=O6 Pin=ZONG20-12
Removed Pin From Net: NetName=O6 Pin=ZONG20-13
Added Pin To Net: NetName=O7 Pin=ZONG20-13
Removed Pin From Net: NetName=O7 Pin=ZONG20-14
Added Pin To Net: NetName=A0 Pin=ZONG20-14
Removed Pin From Net: NetName=A4 Pin=ZONG20-15
Added Pin To Net: NetName=A1 Pin=ZONG20-15
Removed Pin From Net: NetName=A5 Pin=ZONG20-16
Added Pin To Net: NetName=A2 Pin=ZONG20-16
Removed Pin From Net: NetName=A6 Pin=ZONG20-17
Added Pin To Net: NetName=A3 Pin=ZONG20-17
