Removed Pin From Net: NetName=GND Pin=CJ1-2
Removed Pin From Net: NetName=GND Pin=CJ2-2
Removed Pin From Net: NetName=GND Pin=CJ3-1
Removed Pin From Net: NetName=GND Pin=CJ4-2
Removed Pin From Net: NetName=GND Pin=CJ5-2
Removed Pin From Net: NetName=GND Pin=LM-JG-2
Removed Pin From Net: NetName=GND Pin=P1-7
Removed Pin From Net: NetName=GND Pin=RTZ-1
Removed Pin From Net: NetName=GND Pin=ZONG20-13
Removed Pin From Net: NetName=GND Pin=ZONG20-14
Added Pin To Net: NetName=GND Pin=CQ1-2
Added Pin To Net: NetName=GND Pin=CQ2-2
Added Pin To Net: NetName=GND Pin=CQ3-1
Added Pin To Net: NetName=GND Pin=CQ4-2
Added Pin To Net: NetName=GND Pin=CQ6-1
Added Pin To Net: NetName=GND Pin=CQ7-1
Added Pin To Net: NetName=GND Pin=LM-Other-2
Added Pin To Net: NetName=GND Pin=red-1
Added Pin To Net: NetName=GND Pin=TestSpeed-3
Added Pin To Net: NetName=GND Pin=WireLess-P-2
Added Pin To Net: NetName=JGND Pin=CJ1-2
Added Pin To Net: NetName=JGND Pin=CJ2-2
Added Pin To Net: NetName=JGND Pin=CJ3-1
Added Pin To Net: NetName=JGND Pin=CJ4-2
Added Pin To Net: NetName=JGND Pin=CJ5-2
Added Pin To Net: NetName=JGND Pin=LM-JG-2
Added Pin To Net: NetName=JGND Pin=P1-7
Added Pin To Net: NetName=JGND Pin=R2-1
Added Pin To Net: NetName=JGND Pin=RTZ-1
Added Pin To Net: NetName=JGND Pin=ZONG20-13
Added Pin To Net: NetName=JGND Pin=ZONG20-14
Added Net: Name=JGND
