Change Component Comment : Designator=CQ3 Old Comment=Cap New Comment=47uF
Change Component Comment : Designator=CM3 Old Comment=Cap New Comment=47uF
Change Component Comment : Designator=CJ3 Old Comment=Cap New Comment=47uF
Change Component Designator: OldDesignator=CJ3 NewDesignator=CJ4
Change Component Designator: OldDesignator=CJ4 NewDesignator=CJ5
Change Component Designator: OldDesignator=CM3 NewDesignator=CM4
Change Component Designator: OldDesignator=CM4 NewDesignator=CM5
Change Component Designator: OldDesignator=CQ3 NewDesignator=CQ4
Change Component Designator: OldDesignator=CQ4 NewDesignator=CQ5
Change Component Designator: OldDesignator=R0 NewDesignator=R2
Change Component Designator: OldDesignator=R1 NewDesignator=RT1
Change Component Designator: OldDesignator=R2 NewDesignator=RDJ2
Change Component Designator: OldDesignator=R3 NewDesignator=RDJ1
Added Component: Designator=CJ3(0805)
Added Component: Designator=CM3(0805)
Added Component: Designator=CQ3(0805)
Added Component: Designator=R0(0805)
Added Component: Designator=R1(0805)
Added Pin To Net: NetName=NetCJ3_1 Pin=CJ3-1
Added Pin To Net: NetName=NetCJ3_1 Pin=CJ4-2
Added Pin To Net: NetName=NetCM3_1 Pin=CM3-1
Added Pin To Net: NetName=NetCM3_1 Pin=CM4-2
Added Pin To Net: NetName=QVCC Pin=CQ4-1
Added Pin To Net: NetName=NetCQ3_1 Pin=CQ4-2
Added Pin To Net: NetName=B3 Pin=MCU-124
Added Pin To Net: NetName=MGND Pin=R0-1
Added Pin To Net: NetName=GND Pin=R0-2
Added Pin To Net: NetName=JGND Pin=R1-1
Added Pin To Net: NetName=GND Pin=R1-2
Added Pin To Net: NetName=-12 Pin=ZONG20-1
Added Pin To Net: NetName=-11 Pin=ZONG20-2
Added Pin To Net: NetName=-10 Pin=ZONG20-3
Added Pin To Net: NetName=-9 Pin=ZONG20-4
Added Pin To Net: NetName=-8 Pin=ZONG20-5
Added Pin To Net: NetName=-7 Pin=ZONG20-6
Added Pin To Net: NetName=-6 Pin=ZONG20-15
Added Pin To Net: NetName=-5 Pin=ZONG20-16
Added Pin To Net: NetName=-4 Pin=ZONG20-17
Added Pin To Net: NetName=-3 Pin=ZONG20-18
Added Pin To Net: NetName=-2 Pin=ZONG20-19
Added Pin To Net: NetName=-1 Pin=ZONG20-20
Change Net Name : Old Net Name=NetR1_1 New Net Name=NetRT1_1
Added Member To Class: ClassName=mainboard Member=Component CJ5 Cap
Added Member To Class: ClassName=mainboard Member=Component CM5 Cap
Added Member To Class: ClassName=mainboard Member=Component CQ5 Cap
Added Member To Class: ClassName=mainboard Member=Component RDJ2 6Å·Ä·
Added Member To Class: ClassName=mainboard Member=Component RT1 ²âËÙµç×è
