Added Component: Designator=MCU(LQ_112_BOARD)
Added Pin To Net: NetName=PWM2 Pin=MCU-101
Added Pin To Net: NetName=PWM1 Pin=MCU-103
Added Pin To Net: NetName=T0 Pin=MCU-109
Added Pin To Net: NetName=B0 Pin=MCU-121
Added Pin To Net: NetName=B1 Pin=MCU-122
Added Pin To Net: NetName=B2 Pin=MCU-123
Added Pin To Net: NetName=B3 Pin=MCU-124
Added Pin To Net: NetName=B4 Pin=MCU-125
Added Pin To Net: NetName=B5 Pin=MCU-126
Added Pin To Net: NetName=B6 Pin=MCU-127
Added Pin To Net: NetName=B7 Pin=MCU-128
Added Pin To Net: NetName=M6 Pin=MCU-205
Added Pin To Net: NetName=M7 Pin=MCU-206
Added Pin To Net: NetName=M4 Pin=MCU-217
Added Pin To Net: NetName=M5 Pin=MCU-218
Added Pin To Net: NetName=M2 Pin=MCU-219
Added Pin To Net: NetName=M3 Pin=MCU-220
Added Pin To Net: NetName=M0 Pin=MCU-221
Added Pin To Net: NetName=M1 Pin=MCU-222
Added Pin To Net: NetName=PWM4 Pin=MCU-225
Added Pin To Net: NetName=PWM3 Pin=MCU-227
Added Pin To Net: NetName=A0 Pin=MCU-301
Added Pin To Net: NetName=A1 Pin=MCU-302
Added Pin To Net: NetName=A2 Pin=MCU-303
Added Pin To Net: NetName=A3 Pin=MCU-304
Added Pin To Net: NetName=A4 Pin=MCU-305
Added Pin To Net: NetName=A5 Pin=MCU-306
Added Pin To Net: NetName=A6 Pin=MCU-307
Added Pin To Net: NetName=A7 Pin=MCU-308
Added Pin To Net: NetName=0 Pin=MCU-309
Added Pin To Net: NetName=8 Pin=MCU-310
Added Pin To Net: NetName=1 Pin=MCU-311
Added Pin To Net: NetName=9 Pin=MCU-312
Added Pin To Net: NetName=2 Pin=MCU-313
Added Pin To Net: NetName=10 Pin=MCU-314
Added Pin To Net: NetName=3 Pin=MCU-315
Added Pin To Net: NetName=11 Pin=MCU-316
Added Pin To Net: NetName=4 Pin=MCU-317
Added Pin To Net: NetName=5 Pin=MCU-319
Added Pin To Net: NetName=6 Pin=MCU-321
Added Pin To Net: NetName=MVCC Pin=MCU-327
Added Pin To Net: NetName=GND Pin=MCU-328
Added Member To Class: ClassName=MCU Member=Component MCU ÁúÇðµ¥Æ¬»ú
