Removed Pin From Net: NetName=1 Pin=IR-8
Removed Pin From Net: NetName=0 Pin=IR-9
Change Component Footprint: Designator=IR Old Footprint=HDR1X9 New Footprint=HDR1X7
Added Component: Designator=red(HDR1X2)
Added Pin To Net: NetName=QGND Pin=red-1
Added Pin To Net: NetName=QVCC Pin=red-2
Added Member To Class: ClassName=mainboard Member=Component red Header 2
Removed Pin From Net: NetName=QVCC Pin=CQ6-1
Added Pin To Net: NetName=QGND Pin=CQ6-1
Removed Pin From Net: NetName=QGND Pin=CQ6-2
Added Pin To Net: NetName=QVCC Pin=CQ6-2
Removed Pin From Net: NetName=QVCC Pin=IR-1
Added Pin To Net: NetName=6 Pin=IR-1
Removed Pin From Net: NetName=QGND Pin=IR-2
Added Pin To Net: NetName=5 Pin=IR-2
Removed Pin From Net: NetName=6 Pin=IR-3
Added Pin To Net: NetName=4 Pin=IR-3
Removed Pin From Net: NetName=5 Pin=IR-4
Added Pin To Net: NetName=3 Pin=IR-4
Removed Pin From Net: NetName=4 Pin=IR-5
Added Pin To Net: NetName=2 Pin=IR-5
Removed Pin From Net: NetName=3 Pin=IR-6
Added Pin To Net: NetName=1 Pin=IR-6
Removed Pin From Net: NetName=2 Pin=IR-7
Added Pin To Net: NetName=0 Pin=IR-7
