Added Component: Designator=ZONG20(ZONG20)
Added Pin To Net: NetName=A0 Pin=ZONG20-1
Added Pin To Net: NetName=A1 Pin=ZONG20-2
Added Pin To Net: NetName=A2 Pin=ZONG20-3
Added Pin To Net: NetName=A3 Pin=ZONG20-4
Added Pin To Net: NetName=GND Pin=ZONG20-5
Added Pin To Net: NetName=VCC Pin=ZONG20-6
Added Pin To Net: NetName=O1 Pin=ZONG20-7
Added Pin To Net: NetName=O2 Pin=ZONG20-8
Added Pin To Net: NetName=O3 Pin=ZONG20-9
Added Pin To Net: NetName=O4 Pin=ZONG20-10
Added Pin To Net: NetName=O5 Pin=ZONG20-11
Added Pin To Net: NetName=O6 Pin=ZONG20-12
Added Pin To Net: NetName=O7 Pin=ZONG20-13
Added Pin To Net: NetName=A4 Pin=ZONG20-14
Added Pin To Net: NetName=A5 Pin=ZONG20-15
Added Pin To Net: NetName=A6 Pin=ZONG20-16
Added Pin To Net: NetName=LSVCC Pin=ZONG20-17
Added Pin To Net: NetName=LSGND Pin=ZONG20-18
Added Pin To Net: NetName=IN Pin=ZONG20-19
Added Member To Class: ClassName=jiguang Member=Component ZONG20 CON20
