Added Component: Designator=ZONG20(ZONG20)
Added Pin To Net: NetName=A6 Pin=ZONG20-1
Added Pin To Net: NetName=A5 Pin=ZONG20-2
Added Pin To Net: NetName=A4 Pin=ZONG20-3
Added Pin To Net: NetName=A3 Pin=ZONG20-4
Added Pin To Net: NetName=A2 Pin=ZONG20-5
Added Pin To Net: NetName=A1 Pin=ZONG20-6
Added Pin To Net: NetName=A0 Pin=ZONG20-7
Added Pin To Net: NetName=B6 Pin=ZONG20-8
Added Pin To Net: NetName=B5 Pin=ZONG20-9
Added Pin To Net: NetName=B4 Pin=ZONG20-10
Added Pin To Net: NetName=B3 Pin=ZONG20-11
Added Pin To Net: NetName=B2 Pin=ZONG20-12
Added Pin To Net: NetName=B1 Pin=ZONG20-13
Added Pin To Net: NetName=B0 Pin=ZONG20-14
Added Pin To Net: NetName=JGND Pin=ZONG20-15
Added Pin To Net: NetName=JGND Pin=ZONG20-16
Added Pin To Net: NetName=JGND Pin=ZONG20-17
Added Pin To Net: NetName=JVCC Pin=ZONG20-18
Added Pin To Net: NetName=JVCC Pin=ZONG20-19
Added Pin To Net: NetName=PWM7 Pin=ZONG20-20
Added Member To Class: ClassName=mainboard Member=Component ZONG20 Header 20
