Added Component: Designator=BAITOU(HDR1X3)
Added Component: Designator=C1(0805)
Added Component: Designator=C2(CD4)
Added Component: Designator=C3(0805)
Added Component: Designator=C4(CD4)
Added Component: Designator=C5(0805)
Added Component: Designator=C6(CD4)
Added Component: Designator=DAJIAO(HDR1X3)
Added Component: Designator=IR(HDR1X9)
Added Component: Designator=LCD(HDR1X10)
Added Component: Designator=LM2940-1(HDR1X3)
Added Component: Designator=LM2940-2(HDR1X3)
Added Component: Designator=LM2940-3(HDR1X3)
Added Component: Designator=MCU(LQ_112_BOARD)
Added Component: Designator=MOTOPower(tongzhu)
Added Component: Designator=MOTO(HDR1X3)
Added Component: Designator=Power(tongzhu)
Added Component: Designator=R0(0805)
Added Component: Designator=R2(0805)
Added Component: Designator=TestSpeed(HDR1X3)
Added Component: Designator=Wireless(HDR1X2)
Added Pin To Net: NetName=0 Pin=IR-3
Added Pin To Net: NetName=0 Pin=MCU-309
Added Net: Name=0
Added Pin To Net: NetName=1 Pin=IR-4
Added Pin To Net: NetName=1 Pin=MCU-311
Added Net: Name=1
Added Pin To Net: NetName=2 Pin=IR-5
Added Pin To Net: NetName=2 Pin=MCU-313
Added Net: Name=2
Added Pin To Net: NetName=3 Pin=IR-6
Added Pin To Net: NetName=3 Pin=MCU-315
Added Net: Name=3
Added Pin To Net: NetName=4 Pin=IR-7
Added Pin To Net: NetName=4 Pin=MCU-317
Added Net: Name=4
Added Pin To Net: NetName=5 Pin=IR-8
Added Pin To Net: NetName=5 Pin=MCU-319
Added Net: Name=5
Added Pin To Net: NetName=6 Pin=IR-9
Added Pin To Net: NetName=6 Pin=MCU-321
Added Net: Name=6
Added Pin To Net: NetName=8 Pin=MCU-310
Added Net: Name=8
Added Pin To Net: NetName=9 Pin=MCU-312
Added Net: Name=9
Added Pin To Net: NetName=10 Pin=MCU-314
Added Net: Name=10
Added Pin To Net: NetName=11 Pin=MCU-316
Added Net: Name=11
Added Pin To Net: NetName=12 Pin=MCU-318
Added Net: Name=12
Added Pin To Net: NetName=A0 Pin=MCU-301
Added Net: Name=A0
Added Pin To Net: NetName=A1 Pin=MCU-302
Added Net: Name=A1
Added Pin To Net: NetName=A2 Pin=MCU-303
Added Net: Name=A2
Added Pin To Net: NetName=A3 Pin=MCU-304
Added Net: Name=A3
Added Pin To Net: NetName=A4 Pin=MCU-305
Added Net: Name=A4
Added Pin To Net: NetName=A5 Pin=MCU-306
Added Net: Name=A5
Added Pin To Net: NetName=A6 Pin=MCU-307
Added Net: Name=A6
Added Pin To Net: NetName=B0 Pin=MCU-121
Added Net: Name=B0
Added Pin To Net: NetName=B2 Pin=MCU-123
Added Net: Name=B2
Added Pin To Net: NetName=B4 Pin=MCU-125
Added Net: Name=B4
Added Pin To Net: NetName=B6 Pin=MCU-127
Added Net: Name=B6
Added Pin To Net: NetName=DGND Pin=LM2940-1-2
Added Pin To Net: NetName=DGND Pin=LM2940-3-2
Added Pin To Net: NetName=DGND Pin=R0-1
Added Net: Name=DGND
Added Pin To Net: NetName=GND Pin=BAITOU-3
Added Pin To Net: NetName=GND Pin=DAJIAO-3
Added Pin To Net: NetName=GND Pin=IR-1
Added Pin To Net: NetName=GND Pin=LCD-9
Added Pin To Net: NetName=GND Pin=LM2940-2-2
Added Pin To Net: NetName=GND Pin=MCU-328
Added Pin To Net: NetName=GND Pin=MOTOPower-2
Added Pin To Net: NetName=GND Pin=Power-2
Added Pin To Net: NetName=GND Pin=R0-2
Added Pin To Net: NetName=GND Pin=TestSpeed-3
Added Pin To Net: NetName=GND Pin=Wireless-2
Added Net: Name=GND
Added Pin To Net: NetName=I/O Pin=MCU-128
Added Pin To Net: NetName=I/O Pin=MOTO-1
Added Net: Name=I/O
Added Pin To Net: NetName=JVCC Pin=C2-1
Added Pin To Net: NetName=JVCC Pin=LM2940-1-3
Added Net: Name=JVCC
Added Pin To Net: NetName=M0 Pin=LCD-5
Added Pin To Net: NetName=M0 Pin=MCU-221
Added Net: Name=M0
Added Pin To Net: NetName=M1 Pin=LCD-4
Added Pin To Net: NetName=M1 Pin=MCU-222
Added Net: Name=M1
Added Pin To Net: NetName=M2 Pin=LCD-3
Added Pin To Net: NetName=M2 Pin=MCU-219
Added Net: Name=M2
Added Pin To Net: NetName=M3 Pin=LCD-2
Added Pin To Net: NetName=M3 Pin=MCU-220
Added Net: Name=M3
Added Pin To Net: NetName=M4 Pin=LCD-1
Added Pin To Net: NetName=M4 Pin=MCU-217
Added Net: Name=M4
Added Pin To Net: NetName=M5 Pin=LCD-6
Added Pin To Net: NetName=M5 Pin=MCU-218
Added Net: Name=M5
Added Pin To Net: NetName=M6 Pin=LCD-7
Added Pin To Net: NetName=M6 Pin=MCU-205
Added Net: Name=M6
Added Pin To Net: NetName=M7 Pin=LCD-8
Added Pin To Net: NetName=M7 Pin=MCU-206
Added Net: Name=M7
Added Pin To Net: NetName=MVCC Pin=C4-1
Added Pin To Net: NetName=MVCC Pin=LM2940-2-3
Added Pin To Net: NetName=MVCC Pin=MCU-327
Added Pin To Net: NetName=MVCC Pin=Wireless-1
Added Net: Name=MVCC
Added Pin To Net: NetName=NetC1_2 Pin=C1-2
Added Pin To Net: NetName=NetC1_2 Pin=C2-2
Added Net: Name=NetC1_2
Added Pin To Net: NetName=NetC3_2 Pin=C3-2
Added Pin To Net: NetName=NetC3_2 Pin=C4-2
Added Net: Name=NetC3_2
Added Pin To Net: NetName=NetC5_2 Pin=C5-2
Added Pin To Net: NetName=NetC5_2 Pin=C6-2
Added Net: Name=NetC5_2
Added Pin To Net: NetName=NetR2_1 Pin=R2-1
Added Pin To Net: NetName=NetR2_1 Pin=TestSpeed-1
Added Net: Name=NetR2_1
Added Pin To Net: NetName=PWM1 Pin=MCU-103
Added Pin To Net: NetName=PWM1 Pin=MOTO-2
Added Net: Name=PWM1
Added Pin To Net: NetName=PWM2 Pin=MCU-101
Added Pin To Net: NetName=PWM2 Pin=MOTO-3
Added Net: Name=PWM2
Added Pin To Net: NetName=PWM3 Pin=BAITOU-1
Added Pin To Net: NetName=PWM3 Pin=MCU-227
Added Net: Name=PWM3
Added Pin To Net: NetName=PWM4 Pin=DAJIAO-1
Added Pin To Net: NetName=PWM4 Pin=MCU-225
Added Net: Name=PWM4
Added Pin To Net: NetName=QVCC Pin=C6-1
Added Pin To Net: NetName=QVCC Pin=IR-2
Added Pin To Net: NetName=QVCC Pin=LCD-10
Added Pin To Net: NetName=QVCC Pin=LM2940-3-3
Added Pin To Net: NetName=QVCC Pin=TestSpeed-2
Added Net: Name=QVCC
Added Pin To Net: NetName=T0 Pin=R2-2
Added Net: Name=T0
Added Pin To Net: NetName=VCC Pin=C1-1
Added Pin To Net: NetName=VCC Pin=C3-1
Added Pin To Net: NetName=VCC Pin=C5-1
Added Pin To Net: NetName=VCC Pin=LM2940-1-1
Added Pin To Net: NetName=VCC Pin=LM2940-2-1
Added Pin To Net: NetName=VCC Pin=LM2940-3-1
Added Pin To Net: NetName=VCC Pin=MOTOPower-1
Added Pin To Net: NetName=VCC Pin=Power-1
Added Net: Name=VCC
Added Class: Name=mainboard
Added Class: Name=MCU
