Added Component: Designator=Q1(3904)
Added Component: Designator=Q2(3904)
Added Component: Designator=Q3(3904)
Added Component: Designator=Q4(3904)
Added Component: Designator=Q5(3904)
Added Component: Designator=Q6(3904)
Added Pin To Net: NetName=V1 Pin=Q1-1
Added Pin To Net: NetName=A0 Pin=Q1-2
Added Pin To Net: NetName=NetQ1_3 Pin=Q1-3
Added Pin To Net: NetName=V2 Pin=Q2-1
Added Pin To Net: NetName=A1 Pin=Q2-2
Added Pin To Net: NetName=NetQ1_3 Pin=Q2-3
Added Pin To Net: NetName=V3 Pin=Q3-1
Added Pin To Net: NetName=A2 Pin=Q3-2
Added Pin To Net: NetName=NetQ1_3 Pin=Q3-3
Added Pin To Net: NetName=V4 Pin=Q4-1
Added Pin To Net: NetName=A3 Pin=Q4-2
Added Pin To Net: NetName=NetQ1_3 Pin=Q4-3
Added Pin To Net: NetName=V5 Pin=Q5-1
Added Pin To Net: NetName=A4 Pin=Q5-2
Added Pin To Net: NetName=NetQ1_3 Pin=Q5-3
Added Pin To Net: NetName=V6 Pin=Q6-1
Added Pin To Net: NetName=A5 Pin=Q6-2
Added Pin To Net: NetName=NetQ1_3 Pin=Q6-3
Added Class: Name=Control
