Added Component: Designator=P1(74LS04SOP)
Added Component: Designator=Q1(3904)
Added Component: Designator=Q2(3904)
Added Component: Designator=Q3(3904)
Added Component: Designator=Q4(3904)
Added Component: Designator=Q5(3904)
Added Component: Designator=Q6(3904)
Added Component: Designator=RJ1(0805)
Added Pin To Net: NetName=IN Pin=P1-1
Added Pin To Net: NetName=IN Pin=P1-3
Added Pin To Net: NetName=IN Pin=P1-5
Added Pin To Net: NetName=JGND Pin=P1-7
Added Pin To Net: NetName=IN Pin=P1-9
Added Pin To Net: NetName=IN Pin=P1-11
Added Pin To Net: NetName=IN Pin=P1-13
Added Pin To Net: NetName=JVCC Pin=P1-14
Added Pin To Net: NetName=A0 Pin=Q1-2
Added Pin To Net: NetName=A1 Pin=Q2-2
Added Pin To Net: NetName=A2 Pin=Q3-2
Added Pin To Net: NetName=A3 Pin=Q4-2
Added Pin To Net: NetName=A4 Pin=Q5-2
Added Pin To Net: NetName=A5 Pin=Q6-2
Added Pin To Net: NetName=JVCC Pin=RJ1-1
Added Pin To Net: NetName=JVCC Pin=ZONG20-12
Change Net Name : Old Net Name=-1 New Net Name=I1
Change Net Name : Old Net Name=-3 New Net Name=I2
Change Net Name : Old Net Name=-5 New Net Name=I3
Change Net Name : Old Net Name=-7 New Net Name=I4
Change Net Name : Old Net Name=-9 New Net Name=I5
Change Net Name : Old Net Name=-11 New Net Name=I6
Added Pin To Net: NetName=IN1 Pin=P1-2
Added Net: Name=IN1
Added Pin To Net: NetName=IN2 Pin=P1-4
Added Net: Name=IN2
Added Pin To Net: NetName=IN3 Pin=P1-6
Added Net: Name=IN3
Added Pin To Net: NetName=IN4 Pin=P1-8
Added Net: Name=IN4
Added Pin To Net: NetName=IN5 Pin=P1-10
Added Net: Name=IN5
Added Pin To Net: NetName=IN6 Pin=P1-12
Added Net: Name=IN6
Added Pin To Net: NetName=NetQ1_3 Pin=Q1-3
Added Pin To Net: NetName=NetQ1_3 Pin=Q2-3
Added Pin To Net: NetName=NetQ1_3 Pin=Q3-3
Added Pin To Net: NetName=NetQ1_3 Pin=Q4-3
Added Pin To Net: NetName=NetQ1_3 Pin=Q5-3
Added Pin To Net: NetName=NetQ1_3 Pin=Q6-3
Added Pin To Net: NetName=NetQ1_3 Pin=RJ1-2
Added Net: Name=NetQ1_3
Added Pin To Net: NetName=V1 Pin=Q1-1
Added Pin To Net: NetName=V1 Pin=ZONG20-19
Added Net: Name=V1
Added Pin To Net: NetName=V2 Pin=Q2-1
Added Pin To Net: NetName=V2 Pin=ZONG20-17
Added Net: Name=V2
Added Pin To Net: NetName=V3 Pin=Q3-1
Added Pin To Net: NetName=V3 Pin=ZONG20-15
Added Net: Name=V3
Added Pin To Net: NetName=V4 Pin=Q4-1
Added Pin To Net: NetName=V4 Pin=ZONG20-5
Added Net: Name=V4
Added Pin To Net: NetName=V5 Pin=Q5-1
Added Pin To Net: NetName=V5 Pin=ZONG20-3
Added Net: Name=V5
Added Pin To Net: NetName=V6 Pin=Q6-1
Added Pin To Net: NetName=V6 Pin=ZONG20-1
Added Net: Name=V6
Added Class: Name=Control
Removed Pin From Net: NetName=JVCC Pin=ZONG20-14
Added Pin To Net: NetName=JGND Pin=ZONG20-14
Removed Pin From Net: NetName=9 Pin=ZONG20-9
Added Pin To Net: NetName=B1 Pin=ZONG20-9
Removed Pin From Net: NetName=8 Pin=ZONG20-10
Added Pin To Net: NetName=B0 Pin=ZONG20-10
Removed Pin From Net: NetName=11 Pin=ZONG20-7
Added Pin To Net: NetName=B3 Pin=ZONG20-7
Removed Pin From Net: NetName=10 Pin=ZONG20-8
Added Pin To Net: NetName=B2 Pin=ZONG20-8
